<?xml version="1.0" encoding="UTF-8"?>
<testsuite name="me.jason.demospringsecurityform.account.AcccountControllerTest" tests="1" skipped="0" failures="0" errors="0" timestamp="2021-10-23T15:16:29" hostname="Jeseungui-MacBookPro.local" time="0.492">
  <properties/>
  <testcase name="index_user()" classname="me.jason.demospringsecurityform.account.AcccountControllerTest" time="0.492"/>
  <system-out><![CDATA[00:16:24.287 [Test worker] DEBUG org.springframework.test.context.BootstrapUtils - Instantiating CacheAwareContextLoaderDelegate from class [org.springframework.test.context.cache.DefaultCacheAwareContextLoaderDelegate]
00:16:24.295 [Test worker] DEBUG org.springframework.test.context.BootstrapUtils - Instantiating BootstrapContext using constructor [public org.springframework.test.context.support.DefaultBootstrapContext(java.lang.Class,org.springframework.test.context.CacheAwareContextLoaderDelegate)]
00:16:24.337 [Test worker] DEBUG org.springframework.test.context.BootstrapUtils - Instantiating TestContextBootstrapper for test class [me.jason.demospringsecurityform.account.AcccountControllerTest] from class [org.springframework.boot.test.context.SpringBootTestContextBootstrapper]
00:16:24.348 [Test worker] INFO org.springframework.boot.test.context.SpringBootTestContextBootstrapper - Neither @ContextConfiguration nor @ContextHierarchy found for test class [me.jason.demospringsecurityform.account.AcccountControllerTest], using SpringBootContextLoader
00:16:24.353 [Test worker] DEBUG org.springframework.test.context.support.AbstractContextLoader - Did not detect default resource location for test class [me.jason.demospringsecurityform.account.AcccountControllerTest]: class path resource [me/jason/demospringsecurityform/account/AcccountControllerTest-context.xml] does not exist
00:16:24.353 [Test worker] DEBUG org.springframework.test.context.support.AbstractContextLoader - Did not detect default resource location for test class [me.jason.demospringsecurityform.account.AcccountControllerTest]: class path resource [me/jason/demospringsecurityform/account/AcccountControllerTestContext.groovy] does not exist
00:16:24.354 [Test worker] INFO org.springframework.test.context.support.AbstractContextLoader - Could not detect default resource locations for test class [me.jason.demospringsecurityform.account.AcccountControllerTest]: no resource found for suffixes {-context.xml, Context.groovy}.
00:16:24.354 [Test worker] INFO org.springframework.test.context.support.AnnotationConfigContextLoaderUtils - Could not detect default configuration classes for test class [me.jason.demospringsecurityform.account.AcccountControllerTest]: AcccountControllerTest does not declare any static, non-private, non-final, nested classes annotated with @Configuration.
00:16:24.408 [Test worker] DEBUG org.springframework.test.context.support.ActiveProfilesUtils - Could not find an 'annotation declaring class' for annotation type [org.springframework.test.context.ActiveProfiles] and class [me.jason.demospringsecurityform.account.AcccountControllerTest]
00:16:24.466 [Test worker] DEBUG org.springframework.context.annotation.ClassPathScanningCandidateComponentProvider - Identified candidate component class: file [/Users/jeseungryu/Desktop/javaproject/Study/SpringSecurityStudy/build/classes/java/main/me/jason/demospringsecurityform/DemoSpringSecurityFormApplication.class]
00:16:24.467 [Test worker] INFO org.springframework.boot.test.context.SpringBootTestContextBootstrapper - Found @SpringBootConfiguration me.jason.demospringsecurityform.DemoSpringSecurityFormApplication for test class me.jason.demospringsecurityform.account.AcccountControllerTest
00:16:24.564 [Test worker] DEBUG org.springframework.boot.test.context.SpringBootTestContextBootstrapper - @TestExecutionListeners is not present for class [me.jason.demospringsecurityform.account.AcccountControllerTest]: using defaults.
00:16:24.564 [Test worker] INFO org.springframework.boot.test.context.SpringBootTestContextBootstrapper - Loaded default TestExecutionListener class names from location [META-INF/spring.factories]: [org.springframework.security.test.context.support.WithSecurityContextTestExecutionListener, org.springframework.security.test.context.support.ReactorContextTestExecutionListener, org.springframework.boot.test.autoconfigure.restdocs.RestDocsTestExecutionListener, org.springframework.boot.test.autoconfigure.web.client.MockRestServiceServerResetTestExecutionListener, org.springframework.boot.test.autoconfigure.web.servlet.MockMvcPrintOnlyOnFailureTestExecutionListener, org.springframework.boot.test.autoconfigure.web.servlet.WebDriverTestExecutionListener, org.springframework.boot.test.autoconfigure.webservices.client.MockWebServiceServerTestExecutionListener, org.springframework.boot.test.mock.mockito.MockitoTestExecutionListener, org.springframework.boot.test.mock.mockito.ResetMocksTestExecutionListener, org.springframework.test.context.web.ServletTestExecutionListener, org.springframework.test.context.support.DirtiesContextBeforeModesTestExecutionListener, org.springframework.test.context.event.ApplicationEventsTestExecutionListener, org.springframework.test.context.support.DependencyInjectionTestExecutionListener, org.springframework.test.context.support.DirtiesContextTestExecutionListener, org.springframework.test.context.transaction.TransactionalTestExecutionListener, org.springframework.test.context.jdbc.SqlScriptsTestExecutionListener, org.springframework.test.context.event.EventPublishingTestExecutionListener]
00:16:24.580 [Test worker] INFO org.springframework.boot.test.context.SpringBootTestContextBootstrapper - Using TestExecutionListeners: [org.springframework.test.context.web.ServletTestExecutionListener@3bb9efbc, org.springframework.test.context.support.DirtiesContextBeforeModesTestExecutionListener@1cefc4b3, org.springframework.test.context.event.ApplicationEventsTestExecutionListener@2b27cc70, org.springframework.boot.test.mock.mockito.MockitoTestExecutionListener@6f6a7463, org.springframework.boot.test.autoconfigure.SpringBootDependencyInjectionTestExecutionListener@1bdaa23d, org.springframework.test.context.support.DirtiesContextTestExecutionListener@79f227a9, org.springframework.test.context.transaction.TransactionalTestExecutionListener@6ca320ab, org.springframework.test.context.jdbc.SqlScriptsTestExecutionListener@50d68830, org.springframework.security.test.context.support.WithSecurityContextTestExecutionListener@1e53135d, org.springframework.test.context.event.EventPublishingTestExecutionListener@7674a051, org.springframework.security.test.context.support.ReactorContextTestExecutionListener@3a7704c, org.springframework.boot.test.autoconfigure.restdocs.RestDocsTestExecutionListener@6754ef00, org.springframework.boot.test.autoconfigure.web.client.MockRestServiceServerResetTestExecutionListener@619bd14c, org.springframework.boot.test.autoconfigure.web.servlet.MockMvcPrintOnlyOnFailureTestExecutionListener@323e8306, org.springframework.boot.test.autoconfigure.web.servlet.WebDriverTestExecutionListener@a23a01d, org.springframework.boot.test.autoconfigure.webservices.client.MockWebServiceServerTestExecutionListener@4acf72b6, org.springframework.boot.test.mock.mockito.ResetMocksTestExecutionListener@7561db12]
00:16:24.585 [Test worker] DEBUG org.springframework.test.context.support.AbstractDirtiesContextTestExecutionListener - Before test class: context [DefaultTestContext@3c1e3314 testClass = AcccountControllerTest, testInstance = [null], testMethod = [null], testException = [null], mergedContextConfiguration = [WebMergedContextConfiguration@4b770e40 testClass = AcccountControllerTest, locations = '{}', classes = '{class me.jason.demospringsecurityform.DemoSpringSecurityFormApplication}', contextInitializerClasses = '[]', activeProfiles = '{}', propertySourceLocations = '{}', propertySourceProperties = '{org.springframework.boot.test.context.SpringBootTestContextBootstrapper=true}', contextCustomizers = set[org.springframework.boot.test.autoconfigure.actuate.metrics.MetricsExportContextCustomizerFactory$DisableMetricExportContextCustomizer@57fd91c9, org.springframework.boot.test.autoconfigure.properties.PropertyMappingContextCustomizer@4b3fa0b3, org.springframework.boot.test.autoconfigure.web.servlet.WebDriverContextCustomizerFactory$Customizer@2fc0cc3, [ImportsContextCustomizer@78e16155 key = [org.springframework.boot.test.autoconfigure.web.servlet.MockMvcAutoConfiguration, org.springframework.boot.test.autoconfigure.web.servlet.MockMvcWebClientAutoConfiguration, org.springframework.boot.test.autoconfigure.web.servlet.MockMvcWebDriverAutoConfiguration, org.springframework.boot.autoconfigure.security.oauth2.client.servlet.OAuth2ClientAutoConfiguration, org.springframework.boot.autoconfigure.security.oauth2.resource.servlet.OAuth2ResourceServerAutoConfiguration, org.springframework.boot.autoconfigure.security.servlet.SecurityAutoConfiguration, org.springframework.boot.autoconfigure.security.servlet.SecurityFilterAutoConfiguration, org.springframework.boot.autoconfigure.security.servlet.UserDetailsServiceAutoConfiguration, org.springframework.boot.test.autoconfigure.web.servlet.MockMvcSecurityConfiguration]], org.springframework.boot.test.context.filter.ExcludeFilterContextCustomizer@58ebfd03, org.springframework.boot.test.json.DuplicateJsonObjectContextCustomizerFactory$DuplicateJsonObjectContextCustomizer@a4b2d8f, org.springframework.boot.test.mock.mockito.MockitoContextCustomizer@0, org.springframework.boot.test.web.client.TestRestTemplateContextCustomizer@55b5f5d2, org.springframework.boot.test.context.SpringBootTestArgs@1, org.springframework.boot.test.context.SpringBootTestWebEnvironment@7f2cfe3f], resourceBasePath = 'src/main/webapp', contextLoader = 'org.springframework.boot.test.context.SpringBootContextLoader', parent = [null]], attributes = map['org.springframework.test.context.web.ServletTestExecutionListener.activateListener' -> true]], class annotated with @DirtiesContext [false] with mode [null].
00:16:24.611 [Test worker] DEBUG org.springframework.test.context.support.TestPropertySourceUtils - Adding inlined properties to environment: {spring.jmx.enabled=false, org.springframework.boot.test.context.SpringBootTestContextBootstrapper=true}

  .   ____          _            __ _ _
 /\\ / ___'_ __ _ _(_)_ __  __ _ \ \ \ \
( ( )\___ | '_ | '_| | '_ \/ _` | \ \ \ \
 \\/  ___)| |_)| | | | | || (_| |  ) ) ) )
  '  |____| .__|_| |_|_| |_\__, | / / / /
 =========|_|==============|___/=/_/_/_/
 :: Spring Boot ::                (v2.5.6)

2021-10-24 00:16:24.902  INFO 7102 --- [    Test worker] m.j.d.account.AcccountControllerTest     : Starting AcccountControllerTest using Java 11.0.10 on Jeseungui-MacBookPro.local with PID 7102 (started by jeseungryu in /Users/jeseungryu/Desktop/javaproject/Study/SpringSecurityStudy)
2021-10-24 00:16:24.905  INFO 7102 --- [    Test worker] m.j.d.account.AcccountControllerTest     : No active profile set, falling back to default profiles: default
2021-10-24 00:16:25.559  INFO 7102 --- [    Test worker] .s.d.r.c.RepositoryConfigurationDelegate : Bootstrapping Spring Data JPA repositories in DEFAULT mode.
2021-10-24 00:16:25.610  INFO 7102 --- [    Test worker] .s.d.r.c.RepositoryConfigurationDelegate : Finished Spring Data repository scanning in 42 ms. Found 1 JPA repository interfaces.
2021-10-24 00:16:26.141  INFO 7102 --- [    Test worker] com.zaxxer.hikari.HikariDataSource       : HikariPool-1 - Starting...
2021-10-24 00:16:26.346  INFO 7102 --- [    Test worker] com.zaxxer.hikari.HikariDataSource       : HikariPool-1 - Start completed.
2021-10-24 00:16:26.419  INFO 7102 --- [    Test worker] o.hibernate.jpa.internal.util.LogHelper  : HHH000204: Processing PersistenceUnitInfo [name: default]
2021-10-24 00:16:26.485  INFO 7102 --- [    Test worker] org.hibernate.Version                    : HHH000412: Hibernate ORM core version 5.4.32.Final
2021-10-24 00:16:26.669  INFO 7102 --- [    Test worker] o.hibernate.annotations.common.Version   : HCANN000001: Hibernate Commons Annotations {5.1.2.Final}
2021-10-24 00:16:26.831  INFO 7102 --- [    Test worker] org.hibernate.dialect.Dialect            : HHH000400: Using dialect: org.hibernate.dialect.H2Dialect
2021-10-24 00:16:27.539  INFO 7102 --- [    Test worker] o.h.e.t.j.p.i.JtaPlatformInitiator       : HHH000490: Using JtaPlatform implementation: [org.hibernate.engine.transaction.jta.platform.internal.NoJtaPlatform]
2021-10-24 00:16:27.552  INFO 7102 --- [    Test worker] j.LocalContainerEntityManagerFactoryBean : Initialized JPA EntityManagerFactory for persistence unit 'default'
2021-10-24 00:16:28.011  WARN 7102 --- [    Test worker] JpaBaseConfiguration$JpaWebConfiguration : spring.jpa.open-in-view is enabled by default. Therefore, database queries may be performed during view rendering. Explicitly configure spring.jpa.open-in-view to disable this warning
2021-10-24 00:16:28.253  INFO 7102 --- [    Test worker] o.s.b.a.w.s.WelcomePageHandlerMapping    : Adding welcome page template: index
2021-10-24 00:16:28.529  INFO 7102 --- [    Test worker] o.s.s.web.DefaultSecurityFilterChain     : Will secure any request with [org.springframework.security.web.context.request.async.WebAsyncManagerIntegrationFilter@5bfdc92b, org.springframework.security.web.context.SecurityContextPersistenceFilter@10bcbbed, org.springframework.security.web.header.HeaderWriterFilter@f26cd76, org.springframework.security.web.csrf.CsrfFilter@50841932, org.springframework.security.web.authentication.logout.LogoutFilter@6e466fdf, org.springframework.security.web.authentication.UsernamePasswordAuthenticationFilter@3fcb737, org.springframework.security.web.authentication.ui.DefaultLoginPageGeneratingFilter@b272860, org.springframework.security.web.authentication.ui.DefaultLogoutPageGeneratingFilter@68dc2f53, org.springframework.security.web.authentication.www.BasicAuthenticationFilter@45e9db77, org.springframework.security.web.savedrequest.RequestCacheAwareFilter@30a6984c, org.springframework.security.web.servletapi.SecurityContextHolderAwareRequestFilter@1e489957, org.springframework.security.web.authentication.AnonymousAuthenticationFilter@48928b57, org.springframework.security.web.session.SessionManagementFilter@71ce19ee, org.springframework.security.web.access.ExceptionTranslationFilter@19d0d1ab, org.springframework.security.web.access.intercept.FilterSecurityInterceptor@173b24c4]
2021-10-24 00:16:28.971  INFO 7102 --- [    Test worker] o.s.b.t.m.w.SpringBootMockServletContext : Initializing Spring TestDispatcherServlet ''
2021-10-24 00:16:28.972  INFO 7102 --- [    Test worker] o.s.t.web.servlet.TestDispatcherServlet  : Initializing Servlet ''
2021-10-24 00:16:28.973  INFO 7102 --- [    Test worker] o.s.t.web.servlet.TestDispatcherServlet  : Completed initialization in 1 ms
2021-10-24 00:16:28.991  INFO 7102 --- [    Test worker] m.j.d.account.AcccountControllerTest     : Started AcccountControllerTest in 4.371 seconds (JVM running for 5.564)

MockHttpServletRequest:
      HTTP Method = GET
      Request URI = /
       Parameters = {}
          Headers = []
             Body = null
    Session Attrs = {SPRING_SECURITY_CONTEXT=SecurityContextImpl [Authentication=UsernamePasswordAuthenticationToken [Principal=org.springframework.security.core.userdetails.User [Username=jason, Password=[PROTECTED], Enabled=true, AccountNonExpired=true, credentialsNonExpired=true, AccountNonLocked=true, Granted Authorities=[ROLE_USER]], Credentials=[PROTECTED], Authenticated=true, Details=null, Granted Authorities=[ROLE_USER]]]}

Handler:
             Type = me.jason.demospringsecurityform.form.SampleController
           Method = me.jason.demospringsecurityform.form.SampleController#index(Model, Principal)

Async:
    Async started = false
     Async result = null

Resolved Exception:
             Type = null

ModelAndView:
        View name = index
             View = null
        Attribute = message
            value = Hello jason

FlashMap:
       Attributes = null

MockHttpServletResponse:
           Status = 200
    Error message = null
          Headers = [Content-Language:"en", Content-Type:"text/html;charset=UTF-8", X-Content-Type-Options:"nosniff", X-XSS-Protection:"1; mode=block", Cache-Control:"no-cache, no-store, max-age=0, must-revalidate", Pragma:"no-cache", Expires:"0", X-Frame-Options:"DENY"]
     Content type = text/html;charset=UTF-8
             Body = <!DOCTYPE html>
<html>
<head>
    <meta charset="UTF-8">
    <title>index</title>
</head>
<body>
    <h1>Hello jason</h1>
</body>
</html>
    Forwarded URL = null
   Redirected URL = null
          Cookies = []
]]></system-out>
  <system-err><![CDATA[]]></system-err>
</testsuite>
